0000: orl  bus,#$FF
0002: dis  i
0003: mov  r0,#$1F
0005: jmp  $0100
0007: call $02C6
0009: clr  a
000A: mov  r2,a
000B: mov  psw,a
000C: inc  r2
000D: djnz r2,$0026
000F: mov  r2,#$58
0011: mov  r1,#$58
0013: mov  r4,#$80
0015: mov  r0,#$18
0017: en   tcnti
0018: strt t
0019: mov  a,t
001A: add  a,#$69
001C: jnc  $0019
001E: clr  a
001F: mov  t,a
0020: clr  f0
0021: clr  f1
0022: jni  $0026
0024: mov  r1,#$B0
0026: mov  a,r2
0027: jb0  $003F
0029: jb1  $003F
002B: jb2  $003F
002D: mov  r6,#$88
002F: mov  a,r0
0030: add  a,#$8
0032: mov  r0,a
0033: mov  a,r4
0034: rr   a
0035: mov  r4,a
0036: mov  a,r2
0037: xrl  a,#$40
0039: jnz  $003F
003B: mov  r0,#$18
003D: mov  r4,#$80
003F: dec  r0
0040: dec  r2
0041: dec  r6
0042: dec  r1
0043: call $02B0
0045: jnt1 $005C
0047: mov  a,@r0
0048: anl  a,r4
0049: jz   $000C
004B: call $02BD
004D: jnt1 $000C
004F: jt0  $000C
0051: mov  a,@r0
0052: xrl  a,r4
0053: mov  @r0,a
0054: call $02D7
0056: dec  a
0057: jnz  $000C
0059: cpl  f0
005A: jmp  $02DD
005C: mov  a,@r0
005D: anl  a,r4
005E: jnz  $007F
0060: call $02B0
0062: jt1  $000C
0064: jt0  $000C
0066: mov  a,@r0
0067: xrl  a,r4
0068: mov  @r0,a
0069: call $02D7
006B: dec  a
006C: jnz  $0075
006E: mov  a,r2
006F: xrl  a,#$57
0071: jz   $007B
0073: jmp  $007D
0075: dec  a
0076: jz   $007D
0078: dec  a
0079: jnz  $000C
007B: mov  r3,#$2B
007D: jmp  $02DD
007F: call $02D7
0081: xrl  a,#$3
0083: jnz  $008E
0085: jf1  $0093
0087: cpl  f1
0088: djnz r3,$000C
008A: mov  r3,#$7
008C: jmp  $02DD
008E: mov  a,r2
008F: xrl  a,#$57
0091: jnz  $000C
0093: mov  r3,#$2B
0095: jmp  $000C
0097: mov  a,r0
0098: movp a,@a
0099: add  a,r1
009A: mov  r1,a
009B: djnz r0,$0097
009D: jmp  $02CF
009F: nop
00A0: nop
00A1: nop
00A2: nop
00A3: nop
00A4: nop
00A5: nop
00A6: nop
00A7: nop
00A8: nop
00A9: nop
00AA: nop
00AB: nop
00AC: nop
00AD: nop
00AE: nop
00AF: nop
00B0: nop
00B1: nop
00B2: nop
00B3: nop
00B4: nop
00B5: nop
00B6: nop
00B7: nop
00B8: nop
00B9: nop
00BA: nop
00BB: nop
00BC: nop
00BD: nop
00BE: nop
00BF: nop
00C0: nop
00C1: nop
00C2: nop
00C3: nop
00C4: nop
00C5: nop
00C6: nop
00C7: nop
00C8: nop
00C9: nop
00CA: nop
00CB: nop
00CC: nop
00CD: nop
00CE: nop
00CF: nop
00D0: nop
00D1: nop
00D2: nop
00D3: nop
00D4: nop
00D5: nop
00D6: nop
00D7: nop
00D8: nop
00D9: nop
00DA: nop
00DB: nop
00DC: nop
00DD: nop
00DE: nop
00DF: nop
00E0: nop
00E1: nop
00E2: nop
00E3: nop
00E4: nop
00E5: nop
00E6: nop
00E7: nop
00E8: nop
00E9: nop
00EA: nop
00EB: nop
00EC: nop
00ED: nop
00EE: nop
00EF: nop
00F0: nop
00F1: nop
00F2: nop
00F3: nop
00F4: nop
00F5: nop
00F6: nop
00F7: nop
00F8: nop
00F9: nop
00FA: nop
00FB: nop
00FC: nop
00FD: nop
00FE: nop
00FF: nop
0100: clr  a
0101: mov  a,r0
0102: mov  @r0,a
0103: djnz r0,$0101
0105: mov  r0,#$1F
0107: mov  a,r0
0108: xrl  a,@r0
0109: jnz  $013F
010B: mov  a,#$55
010D: mov  @r0,a
010E: xrl  a,@r0
010F: jnz  $013F
0111: mov  a,#$AA
0113: mov  @r0,a
0114: xrl  a,@r0
0115: jnz  $013F
0117: mov  @r0,a
0118: xrl  a,@r0
0119: jnz  $013F
011B: djnz r0,$0107
011D: jmp  $0097
011F: mov  a,r0
0120: movp a,@a
0121: add  a,r1
0122: mov  r1,a
0123: djnz r0,$011F
0125: mov  r0,#$B0
0127: mov  a,r0
0128: movp3 a,@a
0129: add  a,r1
012A: mov  r1,a
012B: djnz r0,$0127
012D: jnz  $013F
012F: mov  a,#$55
0131: clr  f0
0132: jt0  $0132
0134: outl bus,a
0135: anl  p2,#$7F
0137: orl  p2,#$80
0139: cpl  f0
013A: cpl  a
013B: jf0  $0132
013D: jmp  $000C
013F: mov  a,#$2A
0141: clr  f0
0142: jmp  $0132
0144: nop
0145: nop
0146: nop
0147: nop
0148: nop
0149: nop
014A: nop
014B: nop
014C: nop
014D: nop
014E: nop
014F: nop
0150: nop
0151: nop
0152: nop
0153: nop
0154: nop
0155: nop
0156: nop
0157: nop
0158: nop
0159: nop
015A: nop
015B: nop
015C: nop
015D: nop
015E: nop
015F: nop
0160: nop
0161: nop
0162: nop
0163: nop
0164: nop
0165: nop
0166: nop
0167: nop
0168: nop
0169: nop
016A: nop
016B: nop
016C: nop
016D: nop
016E: nop
016F: nop
0170: nop
0171: nop
0172: nop
0173: nop
0174: nop
0175: nop
0176: nop
0177: nop
0178: nop
0179: nop
017A: nop
017B: nop
017C: nop
017D: nop
017E: nop
017F: nop
0180: nop
0181: nop
0182: nop
0183: nop
0184: nop
0185: nop
0186: nop
0187: nop
0188: nop
0189: nop
018A: nop
018B: nop
018C: nop
018D: nop
018E: nop
018F: nop
0190: nop
0191: nop
0192: nop
0193: nop
0194: nop
0195: nop
0196: nop
0197: nop
0198: nop
0199: nop
019A: nop
019B: nop
019C: nop
019D: nop
019E: nop
019F: nop
01A0: nop
01A1: nop
01A2: nop
01A3: nop
01A4: nop
01A5: nop
01A6: nop
01A7: nop
01A8: nop
01A9: nop
01AA: nop
01AB: nop
01AC: nop
01AD: nop
01AE: nop
01AF: nop
01B0: nop
01B1: nop
01B2: nop
01B3: nop
01B4: nop
01B5: nop
01B6: nop
01B7: nop
01B8: nop
01B9: nop
01BA: nop
01BB: nop
01BC: nop
01BD: nop
01BE: nop
01BF: nop
01C0: nop
01C1: nop
01C2: nop
01C3: nop
01C4: nop
01C5: nop
01C6: nop
01C7: nop
01C8: nop
01C9: nop
01CA: nop
01CB: nop
01CC: nop
01CD: nop
01CE: nop
01CF: nop
01D0: nop
01D1: nop
01D2: nop
01D3: nop
01D4: nop
01D5: nop
01D6: nop
01D7: nop
01D8: nop
01D9: nop
01DA: nop
01DB: nop
01DC: nop
01DD: nop
01DE: nop
01DF: nop
01E0: nop
01E1: nop
01E2: nop
01E3: nop
01E4: nop
01E5: nop
01E6: nop
01E7: nop
01E8: nop
01E9: nop
01EA: nop
01EB: nop
01EC: nop
01ED: nop
01EE: nop
01EF: nop
01F0: nop
01F1: nop
01F2: nop
01F3: nop
01F4: nop
01F5: nop
01F6: nop
01F7: nop
01F8: nop
01F9: nop
01FA: nop
01FB: nop
01FC: nop
01FD: nop
01FE: nop
01FF: nop
0200: mov  a,#$23
0202: jmp  $0122
0204: mov  a,#$24
0206: mov  a,#$0
0208: mov  a,#$22
020A: jmp  $0122
020C: en   tcnti
020D: jmp  $0124
020F: jmp  $0114
0211: addc a,#$14
0213: addc a,#$24
0215: mov  a,#$32
0217: nop
0218: .db   0x22
0219: en   tcnti
021A: mov  a,#$25
021C: mov  a,#$25
021E: mov  a,#$24
0220: mov  a,#$25
0222: mov  a,#$25
0224: mov  a,#$25
0226: mov  a,#$25
0228: .db   0x33
0229: jmp  $0100
022B: mov  a,#$22
022D: nop
022E: nop
022F: jmp  $0122
0231: en   tcnti
0232: mov  a,#$25
0234: mov  a,#$25
0236: mov  a,#$25
0238: .db   0x22
0239: en   tcnti
023A: mov  a,#$25
023C: mov  a,#$25
023E: mov  a,#$25
0240: .db   0x22
0241: jmp  $0123
0243: en   tcnti
0244: mov  a,#$25
0246: mov  a,#$25
0248: jb0  $0234
024A: .db   0x33
024B: jb0  $0213
024D: mov  a,#$22
024F: jmp  $0132
0251: jb1  $0221
0253: mov  a,#$22
0255: mov  a,#$23
0257: addc a,#$27
0259: clr  a
025A: clr  a
025B: clr  a
025C: clr  a
025D: clr  a
025E: clr  a
025F: dec  a
0260: clr  a
0261: clr  a
0262: clr  a
0263: clr  a
0264: clr  a
0265: clr  a
0266: clr  a
0267: clr  a
0268: inc  a
0269: inc  a
026A: inc  a
026B: inc  a
026C: clr  a
026D: clr  a
026E: cpl  a
026F: dec  a
0270: clr  a
0271: clr  a
0272: clr  a
0273: clr  a
0274: clr  a
0275: clr  a
0276: clr  a
0277: clr  a
0278: clr  a
0279: clr  a
027A: clr  a
027B: clr  a
027C: clr  a
027D: clr  a
027E: clr  a
027F: clr  a
0280: cpl  a
0281: clr  a
0282: dec  a
0283: clr  a
0284: clr  a
0285: dec  a
0286: dec  a
0287: clr  a
0288: clr  a
0289: clr  a
028A: clr  a
028B: clr  a
028C: clr  a
028D: clr  a
028E: clr  a
028F: clr  a
0290: clr  a
0291: clr  a
0292: clr  a
0293: clr  a
0294: clr  a
0295: clr  a
0296: clr  a
0297: clr  a
0298: clr  a
0299: clr  a
029A: clr  a
029B: clr  a
029C: clr  a
029D: clr  a
029E: clr  a
029F: clr  a
02A0: inc  a
02A1: cpl  a
02A2: cpl  a
02A3: inc  a
02A4: inc  a
02A5: clr  a
02A6: clr  a
02A7: clr  a
02A8: cpl  a
02A9: cpl  a
02AA: clr  a
02AB: clr  a
02AC: clr  a
02AD: clr  a
02AE: clr  a
02AF: inc  a
02B0: anl  bus,#$7F
02B2: mov  a,r6
02B3: outl p2,a
02B4: orl  p2,#$8
02B6: mov  a,r1
02B7: movp a,@a
02B8: anl  a,#$F
02BA: orl  a,#$88
02BC: outl p2,a
02BD: mov  a,r2
02BE: jb6  $02C7
02C0: mov  a,r4
02C1: outl p1,a
02C2: orl  bus,#$80
02C4: anl  p1,#$0
02C6: retr
02C7: in   a,p2
02C8: orl  a,r4
02C9: outl p2,a
02CA: orl  bus,#$80
02CC: anl  p2,#$8F
02CE: retr
02CF: mov  a,r0
02D0: movp a,@a
02D1: add  a,r1
02D2: mov  r1,a
02D3: djnz r0,$02CF
02D5: jmp  $011F
02D7: mov  a,r1
02D8: movp a,@a
02D9: swap a
02DA: anl  a,#$F
02DC: retr
02DD: mov  a,r2
02DE: movp3 a,@a
02DF: cpl  a
02E0: cpl  f0
02E1: jf0  $02EF
02E3: jb4  $02ED
02E5: jb5  $02ED
02E7: jb6  $02ED
02E9: orl  a,#$20
02EB: jmp  $02EF
02ED: anl  a,#$F
02EF: jt0  $02F7
02F1: outl bus,a
02F2: anl  p2,#$7F
02F4: orl  p2,#$80
02F6: clr  f0
02F7: jmp  $000C
02F9: nop
02FA: nop
02FB: nop
02FC: nop
02FD: nop
02FE: nop
02FF: nop
0300: orl  a,r2
0301: orl  a,r5
0302: orl  a,#$46
0304: orl  a,r6
0305: orl  a,r1
0306: orl  a,r4
0307: anl  a,r2
0308: orl  a,@r0
0309: mov  a,t
030A: orl  a,@r1
030B: strt cnt
030C: jmp  $0247
030E: orl  a,r0
030F: orl  a,r3
0310: add  a,r0
0311: .db   0x0b
0312: jt1  $0359
0314: xch  a,r5
0315: xch  a,r4
0316: movd p5,a
0317: nop
0318: in   a,p2
0319: in   a,p1
031A: inc  r2
031B: inc  r3
031C: xch  a,r3
031D: xch  a,r2
031E: .db   0x3b
031F: movd p4,a
0320: ins  a,bus
0321: dec  a
0322: inc  r0
0323: inc  r1
0324: xch  a,r1
0325: xch  a,r0
0326: outl p1,a
0327: outl p2,a
0328: movd a,p7
0329: .db   0x06
032A: nop
032B: inc  a
032C: clr  a
032D: nop
032E: nop
032F: .db   0x38
0330: jmp  $0005
0332: jtf  $0315
0334: en   tcnti
0335: jnt0 $0337
0337: jt0  $0302
0339: add  a,#$14
033B: addc a,#$23
033D: jmp  $0135
033F: call $0101
0341: movd a,p6
0342: jb0  $0311
0344: xch  a,@r1
0345: .db   0x22
0346: .db   0x33
0347: jb1  $037E
0349: .db   0x73
034A: addc a,@r0
034B: da   a
034C: call $0220
034E: xchd a,@r1
034F: movd p6,a
0350: jb3  $0371
0352: addc a,r5
0353: add  a,r6
0354: add  a,r4
0355: add  a,r5
0356: addc a,r4
0357: add  a,r7
0358: nop
0359: nop
035A: nop
035B: nop
035C: nop
035D: nop
035E: nop
035F: nop
0360: nop
0361: nop
0362: nop
0363: nop
0364: nop
0365: nop
0366: nop
0367: nop
0368: nop
0369: nop
036A: nop
036B: nop
036C: nop
036D: nop
036E: nop
036F: nop
0370: nop
0371: nop
0372: nop
0373: nop
0374: nop
0375: nop
0376: nop
0377: nop
0378: nop
0379: nop
037A: nop
037B: nop
037C: nop
037D: nop
037E: nop
037F: nop
0380: nop
0381: nop
0382: nop
0383: nop
0384: nop
0385: nop
0386: nop
0387: nop
0388: nop
0389: nop
038A: nop
038B: nop
038C: nop
038D: nop
038E: nop
038F: nop
0390: nop
0391: nop
0392: nop
0393: nop
0394: nop
0395: nop
0396: nop
0397: nop
0398: nop
0399: nop
039A: nop
039B: nop
039C: nop
039D: nop
039E: nop
039F: nop
03A0: nop
03A1: nop
03A2: nop
03A3: nop
03A4: nop
03A5: nop
03A6: nop
03A7: nop
03A8: nop
03A9: nop
03AA: nop
03AB: nop
03AC: nop
03AD: nop
03AE: nop
03AF: nop
03B0: nop
03B1: nop
03B2: nop
03B3: nop
03B4: nop
03B5: nop
03B6: nop
03B7: nop
03B8: nop
03B9: nop
03BA: nop
03BB: nop
03BC: nop
03BD: nop
03BE: nop
03BF: nop
03C0: nop
03C1: nop
03C2: nop
03C3: nop
03C4: nop
03C5: nop
03C6: nop
03C7: nop
03C8: nop
03C9: nop
03CA: nop
03CB: nop
03CC: nop
03CD: nop
03CE: nop
03CF: nop
03D0: nop
03D1: nop
03D2: nop
03D3: nop
03D4: nop
03D5: nop
03D6: nop
03D7: nop
03D8: nop
03D9: nop
03DA: nop
03DB: nop
03DC: nop
03DD: nop
03DE: nop
03DF: nop
03E0: nop
03E1: nop
03E2: nop
03E3: nop
03E4: nop
03E5: nop
03E6: nop
03E7: nop
03E8: nop
03E9: nop
03EA: nop
03EB: nop
03EC: nop
03ED: nop
03EE: nop
03EF: nop
03F0: xch  a,r7
03F1: sel  rb0
03F2: sel  mb0
03F3: ret
03F4: xch  a,r7
03F5: nop
03F6: sel  mb0
03F7: ret
03F8: xch  a,r7
03F9: sel  rb0
03FA: sel  mb1
03FB: ret
03FC: xch  a,r7
03FD: nop
03FE: sel  mb1
03FF: ret
